#
# There is insufficient memory for the Java Runtime Environment to continue.
# Native memory allocation (mmap) failed to map 134217728 bytes for G1 virtual space
# Possible reasons:
#   The system is out of physical RAM or swap space
#   The process is running with CompressedOops enabled, and the Java Heap may be blocking the growth of the native heap
# Possible solutions:
#   Reduce memory load on the system
#   Increase physical memory or swap space
#   Check if swap backing store is full
#   Decrease Java heap size (-Xmx/-Xms)
#   Decrease number of Java threads
#   Decrease Java thread stack sizes (-Xss)
#   Set larger code cache with -XX:ReservedCodeCacheSize=
#   JVM is running with Unscaled Compressed Oops mode in which the Java heap is
#     placed in the first 4GB address space. The Java Heap base address is the
#     maximum limit for the native heap growth. Please use -XX:HeapBaseMinAddress
#     to set the Java Heap base and to place the Java Heap above 4GB virtual address.
# This output file may be truncated or incomplete.
#
#  Out of Memory Error (./open/src/hotspot/os/windows/os_windows.cpp:3472), pid=10576, tid=22696
#
# JRE version:  (15.0.1+9) (build )
# Java VM: OpenJDK 64-Bit Server VM (15.0.1+9-18, mixed mode, sharing, tiered, compressed oops, g1 gc, windows-amd64)
# No core dump will be written. Minidumps are not enabled by default on client versions of Windows
#

---------------  S U M M A R Y ------------

Command Line: -Dfile.encoding=Cp1252 --module-path=C:\Users\lucas\Desktop\CharAPI.jar -XX:+ShowCodeDetailsInExceptionMessages Main.Main

Host: Intel(R) Core(TM) i5-4440 CPU @ 3.10GHz, 4 cores, 7G,  Windows 10 , 64 bit Build 19041 (10.0.19041.662)
Time: Tue Feb  2 14:55:47 2021 Mitteleuropäische Zeit elapsed time: 0.011273 seconds (0d 0h 0m 0s)

---------------  T H R E A D  ---------------

Current thread (0x00000216d0b20b80):  JavaThread "Unknown thread" [_thread_in_vm, id=22696, stack(0x0000002b57500000,0x0000002b57600000)]

Stack: [0x0000002b57500000,0x0000002b57600000]
Native frames: (J=compiled Java code, j=interpreted, Vv=VM code, C=native code)
V  [jvm.dll+0x62ae9a]
V  [jvm.dll+0x781389]
V  [jvm.dll+0x782ae3]
V  [jvm.dll+0x783143]
V  [jvm.dll+0x216265]
V  [jvm.dll+0x6281d9]
V  [jvm.dll+0x61cd15]
V  [jvm.dll+0x2d01fd]
V  [jvm.dll+0x2d0062]
V  [jvm.dll+0x2d603c]
V  [jvm.dll+0x325b2a]
V  [jvm.dll+0x3251f4]
V  [jvm.dll+0x2a717a]
V  [jvm.dll+0x2a8318]
V  [jvm.dll+0x75e101]
V  [jvm.dll+0x3343e4]
V  [jvm.dll+0x73e826]
V  [jvm.dll+0x3b7777]
V  [jvm.dll+0x3b9201]
C  [jli.dll+0x52fb]
C  [ucrtbase.dll+0x214c2]
C  [KERNEL32.DLL+0x17034]
C  [ntdll.dll+0x4d0d1]


---------------  P R O C E S S  ---------------

Threads class SMR info:
_java_thread_list=0x00007ffe85904ff0, length=0, elements={
}

Java Threads: ( => current thread )

Other Threads:
  0x00000216d0b60320 GCTaskThread "GC Thread#0" [stack: 0x0000002b57600000,0x0000002b57700000] [id=24984]
  0x00000216d0b72960 ConcurrentGCThread "G1 Main Marker" [stack: 0x0000002b57700000,0x0000002b57800000] [id=24948]
  0x00000216d0b74460 ConcurrentGCThread "G1 Conc#0" [stack: 0x0000002b57800000,0x0000002b57900000] [id=25392]

[error occurred during error reporting (printing all threads), id 0xc0000005, EXCEPTION_ACCESS_VIOLATION (0xc0000005) at pc=0x00007ffe850f8047]

VM state: not at safepoint (not fully initialized)

VM Mutex/Monitor currently owned by a thread:  ([mutex/lock_event])
[0x00000216d0b1c100] Heap_lock - owner thread: 0x00000216d0b20b80

Heap address: 0x0000000080e00000, size: 2034 MB, Compressed Oops mode: 32-bit
CDS archive(s) mapped at: [0x0000000000000000-0x0000000000000000-0x0000000000000000), size 0, SharedBaseAddress: 0x0000000800000000, ArchiveRelocationMode: 0.
Narrow klass base: 0x0000000000000000, Narrow klass shift: 0, Narrow klass range: 0x0

Heap:
 garbage-first heap   total 131072K, used 0K [0x0000000080e00000, 0x0000000100000000)
  region size 1024K, 0 young (0K), 0 survivors (0K)
 Metaspace       used 0K, capacity 0K, committed 0K, reserved 0K
  class space    used 0K, capacity 0K, committed 0K, reserved 0K

Heap Regions: E=young(eden), S=young(survivor), O=old, HS=humongous(starts), HC=humongous(continues), CS=collection set, F=free, OA=open archive, CA=closed archive, TAMS=top-at-mark-start (previous, next)

Card table byte_map: [0x00000216e3940000,0x00000216e3d40000] _byte_map_base: 0x00000216e3539000

Marking Bits (Prev, Next): (CMBitMap*) 0x00000216d0b61a20, (CMBitMap*) 0x00000216d0b61a60
 Prev Bits: [0x00000216e4140000, 0x00000216e6108000)
 Next Bits: [0x00000216e6110000, 0x00000216e80d8000)

GC Heap History (0 events):
No events

Deoptimization events (0 events):
No events

Classes unloaded (0 events):
No events

Classes redefined (0 events):
No events

Internal exceptions (0 events):
No events

Events (1 events):
Event: 0.007 Loaded shared library C:\Users\lucas\.p2\pool\plugins\org.eclipse.justj.openjdk.hotspot.jre.full.win32.x86_64_15.0.1.v20201027-0507\jre\bin\java.dll


Dynamic libraries:
0x00007ff688980000 - 0x00007ff68898d000 	C:\Users\lucas\.p2\pool\plugins\org.eclipse.justj.openjdk.hotspot.jre.full.win32.x86_64_15.0.1.v20201027-0507\jre\bin\javaw.exe
0x00007ffede390000 - 0x00007ffede586000 	C:\Windows\SYSTEM32\ntdll.dll
0x00007ffedcba0000 - 0x00007ffedcc5d000 	C:\Windows\System32\KERNEL32.DLL
0x00007ffedbbe0000 - 0x00007ffedbea9000 	C:\Windows\System32\KERNELBASE.dll
0x00007ffedc010000 - 0x00007ffedc110000 	C:\Windows\System32\ucrtbase.dll
0x00007ffed77a0000 - 0x00007ffed77b8000 	C:\Users\lucas\.p2\pool\plugins\org.eclipse.justj.openjdk.hotspot.jre.full.win32.x86_64_15.0.1.v20201027-0507\jre\bin\jli.dll
0x00007ffec4150000 - 0x00007ffec4169000 	C:\Users\lucas\.p2\pool\plugins\org.eclipse.justj.openjdk.hotspot.jre.full.win32.x86_64_15.0.1.v20201027-0507\jre\bin\VCRUNTIME140.dll
0x00007ffedc490000 - 0x00007ffedc630000 	C:\Windows\System32\USER32.dll
0x00007ffedbb80000 - 0x00007ffedbba2000 	C:\Windows\System32\win32u.dll
0x00007ffedcd60000 - 0x00007ffedcd8a000 	C:\Windows\System32\GDI32.dll
0x00007ffedc210000 - 0x00007ffedc31b000 	C:\Windows\System32\gdi32full.dll
0x00007ffedc170000 - 0x00007ffedc20d000 	C:\Windows\System32\msvcp_win.dll
0x00007ffece7c0000 - 0x00007ffecea5b000 	C:\Windows\WinSxS\amd64_microsoft.windows.common-controls_6595b64144ccf1df_6.0.19041.746_none_ca02b4b61b8320a4\COMCTL32.dll
0x00007ffedc3f0000 - 0x00007ffedc48e000 	C:\Windows\System32\msvcrt.dll
0x00007ffedd0a0000 - 0x00007ffedd0d0000 	C:\Windows\System32\IMM32.DLL
0x00007ffed7790000 - 0x00007ffed779c000 	C:\Users\lucas\.p2\pool\plugins\org.eclipse.justj.openjdk.hotspot.jre.full.win32.x86_64_15.0.1.v20201027-0507\jre\bin\vcruntime140_1.dll
0x00007ffec39b0000 - 0x00007ffec3a41000 	C:\Users\lucas\.p2\pool\plugins\org.eclipse.justj.openjdk.hotspot.jre.full.win32.x86_64_15.0.1.v20201027-0507\jre\bin\msvcp140.dll
0x00007ffe84e40000 - 0x00007ffe8599e000 	C:\Users\lucas\.p2\pool\plugins\org.eclipse.justj.openjdk.hotspot.jre.full.win32.x86_64_15.0.1.v20201027-0507\jre\bin\server\jvm.dll
0x00007ffeddb40000 - 0x00007ffeddbec000 	C:\Windows\System32\ADVAPI32.dll
0x00007ffedc8b0000 - 0x00007ffedc94c000 	C:\Windows\System32\sechost.dll
0x00007ffedca70000 - 0x00007ffedcb9b000 	C:\Windows\System32\RPCRT4.dll
0x00007ffedc950000 - 0x00007ffedc958000 	C:\Windows\System32\PSAPI.DLL
0x00007ffed0ff0000 - 0x00007ffed0ff9000 	C:\Windows\SYSTEM32\WSOCK32.dll
0x00007ffecce50000 - 0x00007ffecce77000 	C:\Windows\SYSTEM32\WINMM.dll
0x00007ffedd770000 - 0x00007ffedd7db000 	C:\Windows\System32\WS2_32.dll
0x00007ffed69d0000 - 0x00007ffed69da000 	C:\Windows\SYSTEM32\VERSION.dll
0x00007ffed9a50000 - 0x00007ffed9a62000 	C:\Windows\SYSTEM32\kernel.appcore.dll
0x00007ffece750000 - 0x00007ffece75a000 	C:\Users\lucas\.p2\pool\plugins\org.eclipse.justj.openjdk.hotspot.jre.full.win32.x86_64_15.0.1.v20201027-0507\jre\bin\jimage.dll
0x00007ffecd1b0000 - 0x00007ffecd394000 	C:\Windows\SYSTEM32\DBGHELP.DLL
0x00007ffecd0e0000 - 0x00007ffecd10c000 	C:\Windows\SYSTEM32\dbgcore.DLL
0x00007ffedc320000 - 0x00007ffedc3a0000 	C:\Windows\System32\bcryptPrimitives.dll
0x00007ffec3980000 - 0x00007ffec39a5000 	C:\Users\lucas\.p2\pool\plugins\org.eclipse.justj.openjdk.hotspot.jre.full.win32.x86_64_15.0.1.v20201027-0507\jre\bin\java.dll

dbghelp: loaded successfully - version: 4.0.5 - missing functions: none
symbol engine: initialized successfully - sym options: 0x614 - pdb path: .;C:\Users\lucas\.p2\pool\plugins\org.eclipse.justj.openjdk.hotspot.jre.full.win32.x86_64_15.0.1.v20201027-0507\jre\bin;C:\Windows\SYSTEM32;C:\Windows\WinSxS\amd64_microsoft.windows.common-controls_6595b64144ccf1df_6.0.19041.746_none_ca02b4b61b8320a4;C:\Users\lucas\.p2\pool\plugins\org.eclipse.justj.openjdk.hotspot.jre.full.win32.x86_64_15.0.1.v20201027-0507\jre\bin\server

VM Arguments:
jvm_args: -Dfile.encoding=Cp1252 --module-path=C:\Users\lucas\Desktop\CharAPI.jar -XX:+ShowCodeDetailsInExceptionMessages 
java_command: Main.Main
java_class_path (initial): C:\Users\lucas\eclipse-workspace\SportWorkout\bin
Launcher Type: SUN_STANDARD

[Global flags]
     intx CICompilerCount                          = 3                                         {product} {ergonomic}
     uint ConcGCThreads                            = 1                                         {product} {ergonomic}
     uint G1ConcRefinementThreads                  = 4                                         {product} {ergonomic}
   size_t G1HeapRegionSize                         = 1048576                                   {product} {ergonomic}
    uintx GCDrainStackTargetSize                   = 64                                        {product} {ergonomic}
   size_t InitialHeapSize                          = 134217728                                 {product} {ergonomic}
   size_t MarkStackSize                            = 4194304                                   {product} {ergonomic}
   size_t MaxHeapSize                              = 2132803584                                {product} {ergonomic}
   size_t MinHeapDeltaBytes                        = 1048576                                   {product} {ergonomic}
   size_t MinHeapSize                              = 8388608                                   {product} {ergonomic}
    uintx NonNMethodCodeHeapSize                   = 5832780                                {pd product} {ergonomic}
    uintx NonProfiledCodeHeapSize                  = 122912730                              {pd product} {ergonomic}
    uintx ProfiledCodeHeapSize                     = 122912730                              {pd product} {ergonomic}
    uintx ReservedCodeCacheSize                    = 251658240                              {pd product} {ergonomic}
     bool SegmentedCodeCache                       = true                                      {product} {ergonomic}
     bool ShowCodeDetailsInExceptionMessages       = true                                   {manageable} {command line}
   size_t SoftMaxHeapSize                          = 2132803584                             {manageable} {ergonomic}
     bool UseCompressedClassPointers               = true                                 {lp64_product} {ergonomic}
     bool UseCompressedOops                        = true                                 {lp64_product} {ergonomic}
     bool UseG1GC                                  = true                                      {product} {ergonomic}
     bool UseLargePagesIndividualAllocation        = false                                  {pd product} {ergonomic}

Logging:
Log output configuration:
 #0: stdout all=warning uptime,level,tags
 #1: stderr all=off uptime,level,tags

Environment Variables:
PATH=C:/Users/lucas/.p2/pool/plugins/org.eclipse.justj.openjdk.hotspot.jre.full.win32.x86_64_15.0.1.v20201027-0507/jre/bin/server;C:/Users/lucas/.p2/pool/plugins/org.eclipse.justj.openjdk.hotspot.jre.full.win32.x86_64_15.0.1.v20201027-0507/jre/bin;C:\Program Files (x86)\Common Files\Oracle\Java\javapath;C:\Program Files\Common Files\Oracle\Java\javapath;C:\Program Files\Oculus\Support\oculus-runtime;C:\Windows\system32;C:\Windows;C:\Windows\System32\Wbem;C:\Windows\System32\WindowsPowerShell\v1.0\;C:\Windows\System32\OpenSSH\;C:\Program Files (x86)\NVIDIA Corporation\PhysX\Common;C:\Program Files\NVIDIA Corporation\NVIDIA NvDLISR;C:\Program Files\dotnet\;C:\Users\lucas\anaconda3;C:\Users\lucas\anaconda3\Library\mingw-w64\bin;C:\Users\lucas\anaconda3\Library\usr\bin;C:\Users\lucas\anaconda3\Library\bin;C:\Users\lucas\anaconda3\Scripts;C:\Users\lucas\AppData\Local\Microsoft\WindowsApps;C:\Users\lucas\AppData\Local\atom\bin;C:\Users\lucas\.dotnet\tools;C:\Windows\system32;
USERNAME=lucas
OS=Windows_NT
PROCESSOR_IDENTIFIER=Intel64 Family 6 Model 60 Stepping 3, GenuineIntel



---------------  S Y S T E M  ---------------

OS:
 Windows 10 , 64 bit Build 19041 (10.0.19041.662)
OS uptime: 0 days 7:09 hours

CPU: total 4 (initial active 4) (4 cores per cpu, 1 threads per core) family 6 model 60 stepping 3 microcode 0x27, cmov, cx8, fxsr, mmx, sse, sse2, sse3, ssse3, sse4.1, sse4.2, popcnt, vzeroupper, avx, avx2, aes, clmul, erms, lzcnt, tsc, tscinvbit, bmi1, bmi2, fma, clflush

Memory: 4k page, system-wide physical 8128M (1482M free)
TotalPageFile size 32704M (AvailPageFile size 72M)
current process WorkingSet (physical memory assigned to process): 10M, peak: 10M
current process commit charge ("private bytes"): 51M, peak: 179M

vm_info: OpenJDK 64-Bit Server VM (15.0.1+9-18) for windows-amd64 JRE (15.0.1+9-18), built on Sep 15 2020 14:39:31 by "mach5one" with unknown MS VC++:1925

END.
